<?xml version="1.0" encoding="UTF-8"?>
<testsuite xmlns:xsi="http://www.w3.org/2001/XMLSchema-instance" xsi:noNamespaceSchemaLocation="https://maven.apache.org/surefire/maven-surefire-plugin/xsd/surefire-test-report-3.0.xsd" version="3.0" name="adt.queue.StudentQueueTest" time="0.111" tests="7" errors="0" skipped="0" failures="0">
  <properties>
    <property name="java.specification.version" value="20"/>
    <property name="sun.jnu.encoding" value="UTF-8"/>
    <property name="java.class.path" value="/Users/gabrielecalafange/Documents/2023.1/leda/R07-02-Rot-TAD-Linear-environment-1/target/test-classes:/Users/gabrielecalafange/Documents/2023.1/leda/R07-02-Rot-TAD-Linear-environment-1/target/classes:/Users/gabrielecalafange/.m2/repository/junit/junit/4.13.1/junit-4.13.1.jar:/Users/gabrielecalafange/.m2/repository/org/hamcrest/hamcrest-core/1.3/hamcrest-core-1.3.jar:"/>
    <property name="java.vm.vendor" value="Oracle Corporation"/>
    <property name="sun.arch.data.model" value="64"/>
    <property name="java.vendor.url" value="https://java.oracle.com/"/>
    <property name="os.name" value="Mac OS X"/>
    <property name="java.vm.specification.version" value="20"/>
    <property name="sun.java.launcher" value="SUN_STANDARD"/>
    <property name="user.country" value="BR"/>
    <property name="sun.boot.library.path" value="/Users/gabrielecalafange/Library/Java/JavaVirtualMachines/openjdk-20.0.1/Contents/Home/lib"/>
    <property name="sun.java.command" value="/Users/gabrielecalafange/Documents/2023.1/leda/R07-02-Rot-TAD-Linear-environment-1/target/surefire/surefirebooter-20230919081659851_3.jar /Users/gabrielecalafange/Documents/2023.1/leda/R07-02-Rot-TAD-Linear-environment-1/target/surefire 2023-09-19T08-16-59_711-jvmRun1 surefire-20230919081659851_1tmp surefire_0-20230919081659851_2tmp"/>
    <property name="http.nonProxyHosts" value="local|*.local|169.254/16|*.169.254/16"/>
    <property name="jdk.debug" value="release"/>
    <property name="surefire.test.class.path" value="/Users/gabrielecalafange/Documents/2023.1/leda/R07-02-Rot-TAD-Linear-environment-1/target/test-classes:/Users/gabrielecalafange/Documents/2023.1/leda/R07-02-Rot-TAD-Linear-environment-1/target/classes:/Users/gabrielecalafange/.m2/repository/junit/junit/4.13.1/junit-4.13.1.jar:/Users/gabrielecalafange/.m2/repository/org/hamcrest/hamcrest-core/1.3/hamcrest-core-1.3.jar:"/>
    <property name="sun.cpu.endian" value="little"/>
    <property name="user.home" value="/Users/gabrielecalafange"/>
    <property name="user.language" value="pt"/>
    <property name="java.specification.vendor" value="Oracle Corporation"/>
    <property name="java.version.date" value="2023-04-18"/>
    <property name="java.home" value="/Users/gabrielecalafange/Library/Java/JavaVirtualMachines/openjdk-20.0.1/Contents/Home"/>
    <property name="file.separator" value="/"/>
    <property name="basedir" value="/Users/gabrielecalafange/Documents/2023.1/leda/R07-02-Rot-TAD-Linear-environment-1"/>
    <property name="java.vm.compressedOopsMode" value="Zero based"/>
    <property name="line.separator" value="&#10;"/>
    <property name="java.vm.specification.vendor" value="Oracle Corporation"/>
    <property name="java.specification.name" value="Java Platform API Specification"/>
    <property name="apple.awt.application.name" value="ForkedBooter"/>
    <property name="surefire.real.class.path" value="/Users/gabrielecalafange/Documents/2023.1/leda/R07-02-Rot-TAD-Linear-environment-1/target/surefire/surefirebooter-20230919081659851_3.jar"/>
    <property name="sun.management.compiler" value="HotSpot 64-Bit Tiered Compilers"/>
    <property name="ftp.nonProxyHosts" value="local|*.local|169.254/16|*.169.254/16"/>
    <property name="java.runtime.version" value="20.0.1+9-29"/>
    <property name="user.name" value="gabrielecalafange"/>
    <property name="stdout.encoding" value="UTF-8"/>
    <property name="path.separator" value=":"/>
    <property name="os.version" value="13.4.1"/>
    <property name="java.runtime.name" value="OpenJDK Runtime Environment"/>
    <property name="file.encoding" value="UTF-8"/>
    <property name="java.vm.name" value="OpenJDK 64-Bit Server VM"/>
    <property name="localRepository" value="/Users/gabrielecalafange/.m2/repository"/>
    <property name="java.vendor.url.bug" value="https://bugreport.java.com/bugreport/"/>
    <property name="java.io.tmpdir" value="/var/folders/9z/hjp4bv614n37vckbx4l95lxm0000gn/T/"/>
    <property name="java.version" value="20.0.1"/>
    <property name="user.dir" value="/Users/gabrielecalafange/Documents/2023.1/leda/R07-02-Rot-TAD-Linear-environment-1"/>
    <property name="os.arch" value="x86_64"/>
    <property name="java.vm.specification.name" value="Java Virtual Machine Specification"/>
    <property name="native.encoding" value="UTF-8"/>
    <property name="java.library.path" value="/Users/gabrielecalafange/Library/Java/Extensions:/Library/Java/Extensions:/Network/Library/Java/Extensions:/System/Library/Java/Extensions:/usr/lib/java:."/>
    <property name="java.vm.info" value="mixed mode, sharing"/>
    <property name="stderr.encoding" value="UTF-8"/>
    <property name="java.vendor" value="Oracle Corporation"/>
    <property name="java.vm.version" value="20.0.1+9-29"/>
    <property name="sun.io.unicode.encoding" value="UnicodeBig"/>
    <property name="socksNonProxyHosts" value="local|*.local|169.254/16|*.169.254/16"/>
    <property name="java.class.version" value="64.0"/>
  </properties>
  <testcase name="testEnqueue" classname="adt.queue.StudentQueueTest" time="0.007"/>
  <testcase name="testHead" classname="adt.queue.StudentQueueTest" time="0.0"/>
  <testcase name="testDequeueComErro" classname="adt.queue.StudentQueueTest" time="0.001"/>
  <testcase name="testDequeue" classname="adt.queue.StudentQueueTest" time="0.0"/>
  <testcase name="testIsFull" classname="adt.queue.StudentQueueTest" time="0.002"/>
  <testcase name="testIsEmpty" classname="adt.queue.StudentQueueTest" time="0.001"/>
  <testcase name="testEnqueueComErro" classname="adt.queue.StudentQueueTest" time="0.0"/>
</testsuite>